theta =       8.2800000 
-------------------
S1-S19
      0.19252599 
      -1.1615203 
      -3.3356875 
      0.41180983 
      -1.7505679 
     -0.52278472 
       1.2817772 
       2.3538065 
      -2.8137448 
       1.7822618 
       4.1990650 
      -2.1898639 
      -1.1977186 
      -1.3464878 
      -1.5731263 
      0.30356104 
     0.010018534 
       1.3727081 
       3.9839677 
      
      
distance measure

      0.00000000       -6.3230856       -6.3230856       -5.8114421 
      -6.3230856       -6.3230856       -6.3230856       -6.3230856 
      -6.3230856       -6.3230856       -5.8284538       -6.3230856 
      -3.2861130       -6.3230856       -6.3230856       -6.3230856 
      -6.3230856       -5.8114421       -5.8114421 
      -8.2370203       0.00000000       -5.3422521       -7.7423885 
      -5.3422521       -5.1748039       -5.3422521       -3.9691329 
      -5.7116912       -5.0463617       -7.7423885       -5.3422521 
      -8.2370203       -5.1748039       -5.7116912       -5.7116912 
      -5.1748039       -5.7116912       -7.7423885 
      -5.4392494       -2.5444812       0.00000000       -4.9446176 
      -2.5076289       -2.9139203       -1.1345098       -2.2117385 
      -2.8770681       -2.5076289       -4.9446176       -1.6461533 
      -5.4392494       -2.5444812       -2.8770681       -2.8770681 
      -2.9139203       -1.9420437       -4.9446176 
      -5.3585060       -5.3755177       -5.3755177       0.00000000 
      -5.3755177       -5.3755177       -5.3755177       -5.3755177 
      -5.3755177       -5.3755177       -5.8701495       -5.3755177 
      -5.3585060       -5.3755177       -5.3755177       -5.3755177 
      -5.3755177       -4.8638742       -2.1678473 
      -7.0671681       -4.1723999       -4.1355476       -6.5725363 
      0.00000000       -4.1723999       -4.1355476       -3.2740720 
      -4.5049868       -4.5049868       -6.5725363       -4.1355476 
      -7.0671681       -3.6068147       -4.6891926       -4.5049868 
      -3.6068147       -4.1355476       -6.5725363 
      -7.8939644       -4.8317480       -5.3686354       -7.3993326 
      -4.9991962       0.00000000       -5.3686354       -4.9991962 
      -5.5528412       -5.3686354       -7.3993326       -5.3686354 
      -7.8939644       -4.4623089       -5.5528412       -5.5528412 
      -3.6008332       -5.3686354       -7.3993326 
      -6.3401622       -3.4453940       -2.0354225       -5.8455304 
      -3.4085417       -3.8148331       0.00000000       -3.1126513 
      -3.7779809       -3.1126513       -6.3401622       -2.8429565 
      -6.3401622       -3.8148331       -3.7779809       -3.1126513 
      -3.8148331       -2.8429565       -5.8455304 
      -5.5583141       -1.2904267       -2.3308032       -5.0636822 
      -1.7652180       -2.6635458       -2.3308032       0.00000000 
      -2.9961327       -2.3308032       -5.0636822       -1.7652180 
      -5.5583141       -2.6635458       -2.9961327       -2.9961327 
      -2.6635458       -2.6266936       -5.0636822 
      -8.9161009       -6.3907719       -6.3539196       -8.4214691 
      -6.3539196       -6.5749777       -6.3539196       -6.3539196 
      0.00000000       -5.9844805       -8.4214691       -6.3539196 
      -8.9161009       -6.5749777       -6.5381255       -6.3539196 
      -6.3907719       -6.3539196       -8.4214691 
      -6.4875613       -3.2969027       -3.5559409       -5.9929295 
      -3.9253800       -3.9622323       -3.2600505       -3.2600505 
      -3.5559409       0.00000000       -6.4875613       -3.9253800 
      -6.4875613       -3.9622323       -3.9253800       -3.9253800 
      -3.9622323       -3.9253800       -5.9929295 
      -4.4791652       -4.4791652       -4.4791652       -4.9737970 
      -4.4791652       -4.4791652       -4.9737970       -4.4791652 
      -4.4791652       -4.9737970       0.00000000       -4.4791652 
      -4.4791652       -4.4791652       -4.9737970       -4.9737970 
      -4.4791652       -4.4791652       -4.9737970 
      -5.5555495       -2.6607813       -1.7624535       -5.0609177 
      -2.6239291       -3.0302205       -2.0583439       -1.7624535 
      -2.9933682       -2.9933682       -5.0609177       0.00000000 
      -5.5555495       -2.6607813       -2.9933682       -2.9933682 
      -2.6607813       -2.0583439       -5.0609177 
      -3.4557601       -6.4927327       -6.4927327       -5.9810891 
      -6.4927327       -6.4927327       -6.4927327       -6.4927327 
      -6.4927327       -6.4927327       -5.9981009       -6.4927327 
      0.00000000       -6.4927327       -6.4927327       -6.4927327 
      -6.4927327       -5.9810891       -5.9810891 
      -7.5603237       -4.4981073       -4.6655555       -7.0656919 
      -4.0999703       -4.1286681       -5.0349946       -4.6655555 
      -5.2192005       -5.0349946       -7.0656919       -4.6655555 
      -7.5603237       0.00000000       -5.2192005       -5.0349946 
      -3.2671925       -4.6655555       -7.0656919 
      -7.7659165       -5.2405874       -5.2037352       -7.2712847 
      -5.3879410       -5.4247932       -5.2037352       -5.2037352 
      -5.3879410       -5.2037352       -7.7659165       -5.2037352 
      -7.7659165       -5.4247932       0.00000000       -3.9728204 
      -5.4247932       -5.2037352       -7.2712847 
      -7.7149103       -5.1895812       -5.1527289       -7.2202784 
      -5.1527289       -5.3737870       -4.4873994       -5.1527289 
      -5.1527289       -5.1527289       -7.7149103       -5.1527289 
      -7.7149103       -5.1895812       -3.9218142       0.00000000 
      -5.3737870       -5.1527289       -7.2202784 
      -6.5841063       -3.5218899       -4.0587772       -6.0894745 
      -3.1237529       -2.5868655       -4.0587772       -3.6893381 
      -4.0587772       -4.0587772       -6.0894745       -3.6893381 
      -6.5841063       -2.2909751       -4.2429831       -4.2429831 
      0.00000000       -4.0587772       -6.0894745 
      -5.2337095       -3.2200240       -2.2481474       -4.7390777 
      -2.8137326       -3.2200240       -2.2481474       -2.8137326 
      -3.1831717       -3.1831717       -5.2507212       -2.2481474 
      -5.2337095       -2.8505848       -3.1831717       -3.1831717 
      -3.2200240       0.00000000       -4.7390777 
      -3.5885060       -3.6055177       -3.6055177      -0.39784733 
      -3.6055177       -3.6055177       -3.6055177       -3.6055177 
      -3.6055177       -3.6055177       -4.1001495       -3.6055177 
      -3.5885060       -3.6055177       -3.6055177       -3.6055177 
      -3.6055177       -3.0938742       0.00000000 
Xnn

  1.1272443e+011 
  6.6659191e+010 
  3.3158358e+010 
  1.7388518e+011 
  2.7307319e+010 
  5.0334467e+010 
  4.8715372e+011 
  8.6374319e+011 
  2.3728636e+010 
  5.5053835e+011 
  2.1942123e+012 
  5.3050577e+010 
  1.5189558e+010 
  3.3197284e+010 
  3.0104507e+010 
  2.2377224e+011 
  8.2003210e+010 
  4.3684725e+011 
  2.5475770e+012 


       1.0000000     0.0017943981     0.0017943981     0.0029931106 
    0.0017943981     0.0017943981     0.0017943981     0.0017943981 
    0.0017943981     0.0017943981     0.0029426233     0.0017943981 
     0.037398936     0.0017943981     0.0017943981     0.0017943981 
    0.0017943981     0.0029931106     0.0029931106 
   0.00026467171        1.0000000     0.0047850821    0.00043403364 
    0.0047850821     0.0056573263     0.0047850821      0.018889805 
    0.0033070747     0.0064326951    0.00043403364     0.0047850821 
   0.00026467171     0.0056573263     0.0033070747     0.0033070747 
    0.0056573263     0.0033070747    0.00043403364 
    0.0043427417      0.078513776        1.0000000     0.0071216375 
     0.081461159      0.054262585       0.32157973       0.10951010 
     0.056299586      0.081461159     0.0071216375       0.19279009 
    0.0043427417      0.078513776      0.056299586      0.056299586 
     0.054262585       0.14341056     0.0071216375 
    0.0047079346     0.0046285219     0.0046285219        1.0000000 
    0.0046285219     0.0046285219     0.0046285219     0.0046285219 
    0.0046285219     0.0046285219     0.0028224513     0.0046285219 
    0.0047079346     0.0046285219     0.0046285219     0.0046285219 
    0.0046285219     0.0077205153       0.11442367 
   0.00085264430      0.015415221      0.015993904     0.0013982466 
       1.0000000      0.015415221      0.015993904      0.037851980 
     0.011053736      0.011053736     0.0013982466      0.015993904 
   0.00085264430      0.027138153     0.0091941062      0.011053736 
     0.027138153      0.015993904     0.0013982466 
   0.00037298795     0.0079725730     0.0046604868    0.00061166083 
    0.0067433650        1.0000000     0.0046604868     0.0067433650 
    0.0038764278     0.0046604868    0.00061166083     0.0046604868 
   0.00037298795      0.011535698     0.0038764278     0.0038764278 
     0.027300965     0.0046604868    0.00061166083 
    0.0017640161      0.031892195       0.13062528     0.0028928001 
     0.033089419      0.022041393        1.0000000      0.044482862 
     0.022868820      0.044482862     0.0017640161      0.058253185 
    0.0017640161      0.022041393      0.022868820      0.044482862 
     0.022041393      0.058253185     0.0028928001 
    0.0038552707       0.27515336      0.097217633     0.0063222366 
      0.17114948      0.069700636      0.097217633        1.0000000 
     0.049979980      0.097217633     0.0063222366       0.17114948 
    0.0038552707      0.069700636      0.049979980      0.049979980 
     0.069700636      0.072317177     0.0063222366 
   0.00013421052     0.0016769613     0.0017399140    0.00022009107 
    0.0017399140     0.0013948370     0.0017399140     0.0017399140 
       1.0000000     0.0025175213    0.00022009107     0.0017399140 
   0.00013421052     0.0013948370     0.0014471988     0.0017399140 
    0.0016769613     0.0017399140    0.00022009107 
    0.0015222567      0.036997582      0.028554495     0.0024963402 
     0.019734635      0.019020608      0.038386461      0.038386461 
     0.028554495        1.0000000     0.0015222567      0.019734635 
    0.0015222567      0.019020608      0.019734635      0.019734635 
     0.019020608      0.019734635     0.0024963402 
     0.011342878      0.011342878      0.011342878     0.0069168349 
     0.011342878      0.011342878     0.0069168349      0.011342878 
     0.011342878     0.0069168349        1.0000000      0.011342878 
     0.011342878      0.011342878     0.0069168349     0.0069168349 
     0.011342878      0.011342878     0.0069168349 
    0.0038659434      0.069893590       0.17162328     0.0063397386 
     0.072517375      0.048304987       0.12766522       0.17162328 
     0.050118342      0.050118342     0.0063397386        1.0000000 
    0.0038659434      0.069893590      0.050118342      0.050118342 
     0.069893590       0.12766522     0.0063397386 
     0.031563305     0.0015144050     0.0015144050     0.0025260735 
    0.0015144050     0.0015144050     0.0015144050     0.0015144050 
    0.0015144050     0.0015144050     0.0024834641     0.0015144050 
       1.0000000     0.0015144050     0.0015144050     0.0015144050 
    0.0015144050     0.0025260735     0.0025260735 
   0.00052070667      0.011130043     0.0094140175    0.00085390391 
     0.016573168      0.016104314     0.0065062331     0.0094140175 
    0.0054116542     0.0065062331    0.00085390391     0.0094140175 
   0.00052070667        1.0000000     0.0054116542     0.0065062331 
     0.038113281     0.0094140175    0.00085390391 
   0.00042394091     0.0052971444     0.0054959976    0.00069521830 
    0.0045713761     0.0044059770     0.0054959976     0.0054959976 
    0.0045713761     0.0054959976    0.00042394091     0.0054959976 
   0.00042394091     0.0044059770        1.0000000      0.018820278 
    0.0044059770     0.0054959976    0.00069521830 
   0.00044612550     0.0055743410     0.0057836001    0.00073159868 
    0.0057836001     0.0046365393      0.011249863     0.0057836001 
    0.0057836001     0.0057836001    0.00044612550     0.0057836001 
   0.00044612550     0.0055743410      0.019805132        1.0000000 
    0.0046365393     0.0057836001    0.00073159868 
    0.0013821621      0.029543549      0.017270124     0.0022665997 
     0.043991763      0.075255559      0.017270124      0.024988537 
     0.017270124      0.017270124     0.0022665997      0.024988537 
    0.0013821621       0.10116777      0.014364677      0.014364677 
       1.0000000      0.017270124     0.0022665997 
    0.0053337031      0.039954100       0.10559467     0.0087467095 
     0.059980690      0.039954100       0.10559467      0.059980690 
     0.041453965      0.041453965     0.0052437350       0.10559467 
    0.0053337031      0.057810501      0.041453965      0.041453965 
     0.039954100        1.0000000     0.0087467095 
     0.027639594      0.027173373      0.027173373       0.67176457 
     0.027173373      0.027173373      0.027173373      0.027173373 
     0.027173373      0.027173373      0.016570198      0.027173373 
     0.027639594      0.027173373      0.027173373      0.027173373 
     0.027173373      0.045326013        1.0000000 

       1.0000000     0.0017943981     0.0017943981     0.0029931106 
    0.0017943981     0.0017943981     0.0017943981     0.0017943981 
    0.0017943981     0.0017943981     0.0029426233     0.0017943981 
     0.037398936     0.0017943981     0.0017943981     0.0017943981 
    0.0017943981     0.0029931106     0.0029931106 
   0.00026467171        1.0000000     0.0047850821    0.00043403364 
    0.0047850821     0.0056573263     0.0047850821      0.018889805 
    0.0033070747     0.0064326951    0.00043403364     0.0047850821 
   0.00026467171     0.0056573263     0.0033070747     0.0033070747 
    0.0056573263     0.0033070747    0.00043403364 
    0.0043427417      0.078513776        1.0000000     0.0071216375 
     0.081461159      0.054262585       0.32157973       0.10951010 
     0.056299586      0.081461159     0.0071216375       0.19279009 
    0.0043427417      0.078513776      0.056299586      0.056299586 
     0.054262585       0.14341056     0.0071216375 
    0.0047079346     0.0046285219     0.0046285219        1.0000000 
    0.0046285219     0.0046285219     0.0046285219     0.0046285219 
    0.0046285219     0.0046285219     0.0028224513     0.0046285219 
    0.0047079346     0.0046285219     0.0046285219     0.0046285219 
    0.0046285219     0.0077205153       0.11442367 
   0.00085264430      0.015415221      0.015993904     0.0013982466 
       1.0000000      0.015415221      0.015993904      0.037851980 
     0.011053736      0.011053736     0.0013982466      0.015993904 
   0.00085264430      0.027138153     0.0091941062      0.011053736 
     0.027138153      0.015993904     0.0013982466 
   0.00037298795     0.0079725730     0.0046604868    0.00061166083 
    0.0067433650        1.0000000     0.0046604868     0.0067433650 
    0.0038764278     0.0046604868    0.00061166083     0.0046604868 
   0.00037298795      0.011535698     0.0038764278     0.0038764278 
     0.027300965     0.0046604868    0.00061166083 
    0.0017640161      0.031892195       0.13062528     0.0028928001 
     0.033089419      0.022041393        1.0000000      0.044482862 
     0.022868820      0.044482862     0.0017640161      0.058253185 
    0.0017640161      0.022041393      0.022868820      0.044482862 
     0.022041393      0.058253185     0.0028928001 
    0.0038552707       0.27515336      0.097217633     0.0063222366 
      0.17114948      0.069700636      0.097217633        1.0000000 
     0.049979980      0.097217633     0.0063222366       0.17114948 
    0.0038552707      0.069700636      0.049979980      0.049979980 
     0.069700636      0.072317177     0.0063222366 
   0.00013421052     0.0016769613     0.0017399140    0.00022009107 
    0.0017399140     0.0013948370     0.0017399140     0.0017399140 
       1.0000000     0.0025175213    0.00022009107     0.0017399140 
   0.00013421052     0.0013948370     0.0014471988     0.0017399140 
    0.0016769613     0.0017399140    0.00022009107 
    0.0015222567      0.036997582      0.028554495     0.0024963402 
     0.019734635      0.019020608      0.038386461      0.038386461 
     0.028554495        1.0000000     0.0015222567      0.019734635 
    0.0015222567      0.019020608      0.019734635      0.019734635 
     0.019020608      0.019734635     0.0024963402 
     0.011342878      0.011342878      0.011342878     0.0069168349 
     0.011342878      0.011342878     0.0069168349      0.011342878 
     0.011342878     0.0069168349        1.0000000      0.011342878 
     0.011342878      0.011342878     0.0069168349     0.0069168349 
     0.011342878      0.011342878     0.0069168349 
    0.0038659434      0.069893590       0.17162328     0.0063397386 
     0.072517375      0.048304987       0.12766522       0.17162328 
     0.050118342      0.050118342     0.0063397386        1.0000000 
    0.0038659434      0.069893590      0.050118342      0.050118342 
     0.069893590       0.12766522     0.0063397386 
     0.031563305     0.0015144050     0.0015144050     0.0025260735 
    0.0015144050     0.0015144050     0.0015144050     0.0015144050 
    0.0015144050     0.0015144050     0.0024834641     0.0015144050 
       1.0000000     0.0015144050     0.0015144050     0.0015144050 
    0.0015144050     0.0025260735     0.0025260735 
   0.00052070667      0.011130043     0.0094140175    0.00085390391 
     0.016573168      0.016104314     0.0065062331     0.0094140175 
    0.0054116542     0.0065062331    0.00085390391     0.0094140175 
   0.00052070667        1.0000000     0.0054116542     0.0065062331 
     0.038113281     0.0094140175    0.00085390391 
   0.00042394091     0.0052971444     0.0054959976    0.00069521830 
    0.0045713761     0.0044059770     0.0054959976     0.0054959976 
    0.0045713761     0.0054959976    0.00042394091     0.0054959976 
   0.00042394091     0.0044059770        1.0000000      0.018820278 
    0.0044059770     0.0054959976    0.00069521830 
   0.00044612550     0.0055743410     0.0057836001    0.00073159868 
    0.0057836001     0.0046365393      0.011249863     0.0057836001 
    0.0057836001     0.0057836001    0.00044612550     0.0057836001 
   0.00044612550     0.0055743410      0.019805132        1.0000000 
    0.0046365393     0.0057836001    0.00073159868 
    0.0013821621      0.029543549      0.017270124     0.0022665997 
     0.043991763      0.075255559      0.017270124      0.024988537 
     0.017270124      0.017270124     0.0022665997      0.024988537 
    0.0013821621       0.10116777      0.014364677      0.014364677 
       1.0000000      0.017270124     0.0022665997 
    0.0053337031      0.039954100       0.10559467     0.0087467095 
     0.059980690      0.039954100       0.10559467      0.059980690 
     0.041453965      0.041453965     0.0052437350       0.10559467 
    0.0053337031      0.057810501      0.041453965      0.041453965 
     0.039954100        1.0000000     0.0087467095 
     0.027639594      0.027173373      0.027173373       0.67176457 
     0.027173373      0.027173373      0.027173373      0.027173373 
     0.027173373      0.027173373      0.016570198      0.027173373 
     0.027639594      0.027173373      0.027173373      0.027173373 
     0.027173373      0.045326013        1.0000000 
T_n/T_19

      0.26919343 
      0.26067827 
      0.24293880 
      0.46438066 
      0.34790201 
      0.45432423 
      0.63935002 
      0.80554512 
     0.069880563 
      0.50435655 
      0.88744941 
      0.30061915 
      0.12295425 
      0.42949536 
     0.040918728 
      0.21496587 
      0.51445955 
      0.48574309 
       1.0000000 
check beta

      0.20480659 
      0.21997979 
      0.20664069 
      0.22129343 
      0.28572647 
      0.24210402 
      0.23785006 
      0.26890123 
      0.17193683 
      0.20281147 
      0.18148130 
      0.21735682 
      0.20408425 
      0.17710628 
      0.16398585 
      0.21487915 
      0.25587688 
      0.25624169 
      0.24729876 
alpha
      0.13481359 
transport costs
from countries 1-4

      0.00000000        1.1461117        1.1461117        1.0175118 
       1.7042084       0.00000000       0.90636737        1.5473945 
      0.92883111       0.35975494       0.00000000       0.81698046 
      0.91011330       0.91404177       0.91404177       0.00000000 
       1.3479033       0.65518540       0.64783495        1.2117511 
       1.5944573       0.79238018       0.91245147        1.4440077 
       1.1505424       0.51605320       0.27867448        1.0258349 
      0.95676768       0.16864929       0.32511330       0.84329702 
       1.9353414        1.1637273        1.1541185        1.7651244 
       1.1891687       0.48910707       0.53642987        1.0622214 
      0.71765842       0.71765842       0.71765842       0.82339495 
      0.95611446       0.37898870       0.23720734       0.84268169 
      0.51795241        1.1905364        1.1905364        1.0592746 
       1.4919925       0.72159239       0.75676295        1.3474847 
       1.5546433       0.88310344       0.87474084        1.4065026 
       1.5389547       0.87153886       0.86322761        1.3917237 
       1.2148439       0.53012437       0.63262718        1.0864077 
      0.88153987       0.47534489       0.31195106       0.77243158 
      0.54248452       0.54565690       0.54565690      0.049222271 
from countries 5-8

       1.1461117        1.1461117        1.1461117        1.1461117 
      0.90636737       0.86820171       0.90636737       0.61504671 
      0.35371645       0.42179868       0.14684889       0.30619480 
      0.91404177       0.91404177       0.91404177       0.91404177 
      0.00000000       0.65518540       0.64783495       0.48500676 
      0.82899687       0.00000000       0.91245147       0.82899687 
      0.50932062       0.58522862       0.00000000       0.45633655 
      0.23762049       0.37944919       0.32511330       0.00000000 
       1.1541185        1.2124034        1.1541185        1.1541185 
      0.60653505       0.61370127       0.48249414       0.48249414 
      0.71765842       0.71765842       0.82339495       0.71765842 
      0.37286480       0.44191005       0.28221911       0.23720734 
       1.1905364        1.1905364        1.1905364        1.1905364 
      0.64076975       0.64646640       0.83692162       0.75676295 
      0.91691575       0.92546648       0.87474084       0.87474084 
      0.86322761       0.91364174       0.71936742       0.86322761 
      0.45829047       0.36673320       0.63262718       0.56138341 
      0.40469862       0.47534489       0.31195106       0.40469862 
      0.54565690       0.54565690       0.54565690       0.54565690 
from countries 9-12

       1.1461117        1.1461117        1.0216612        1.1461117 
      0.99335228       0.83944514        1.5473945       0.90636737 
      0.41548466       0.35371645       0.81698046       0.21995111 
      0.91404177       0.91404177        1.0318674       0.91404177 
      0.72302338       0.72302338        1.2117511       0.64783495 
      0.95547474       0.91245147        1.4440077       0.91245147 
      0.57818884       0.45633655        1.1505424       0.40966521 
      0.43598609       0.32511330       0.84329702       0.23762049 
      0.00000000        1.0601182        1.7651244        1.1541185 
      0.53642987       0.00000000        1.1891687       0.60653505 
      0.71765842       0.82339495       0.00000000       0.71765842 
      0.43550672       0.43550672       0.84268169       0.00000000 
       1.1905364        1.1905364        1.0635098        1.1905364 
      0.87824573       0.83692162        1.3474847       0.75676295 
      0.91691575       0.87474084        1.5546433       0.87474084 
      0.86322761       0.86322761        1.5389547       0.86322761 
      0.63262718       0.63262718        1.0864077       0.56138341 
      0.46879308       0.46879308       0.88540957       0.31195106 
      0.54565690       0.54565690       0.64080527       0.54565690 
from countries 13-16

      0.48716787        1.1461117        1.1461117        1.1461117 
       1.7042084       0.86820171       0.99335228       0.99335228 
      0.92883111       0.35975494       0.41548466       0.41548466 
      0.91011330       0.91404177       0.91404177       0.91404177 
       1.3479033       0.54589903       0.76178520       0.72302338 
       1.5944573       0.71416519       0.95547474       0.95547474 
       1.1505424       0.58522862       0.57818884       0.45633655 
      0.95676768       0.37944919       0.43598609       0.43598609 
       1.9353414        1.2124034        1.2025784        1.1541185 
       1.1891687       0.61370127       0.60653505       0.60653505 
      0.71765842       0.71765842       0.82339495       0.82339495 
      0.95611446       0.37898870       0.43550672       0.43550672 
      0.00000000        1.1905364        1.1905364        1.1905364 
       1.4919925       0.00000000       0.87824573       0.83692162 
       1.5546433       0.92546648       0.00000000       0.61576613 
       1.5389547       0.87153886       0.60584332       0.00000000 
       1.2148439       0.31875461       0.66935541       0.66935541 
      0.88153987       0.41096453       0.46879308       0.46879308 
      0.54248452       0.54565690       0.54565690       0.54565690 
from countries 17-19

       1.1461117        1.0175118        1.0175118 
      0.86820171       0.99335228        1.5473945 
      0.42179868       0.26433507       0.81698046 
      0.91404177       0.79934807       0.29928915 
      0.54589903       0.64783495        1.2117511 
      0.54478268       0.91245147        1.4440077 
      0.58522862       0.40966521        1.0258349 
      0.37944919       0.37332324       0.84329702 
       1.1637273        1.1541185        1.7651244 
      0.61370127       0.60653505        1.0622214 
      0.71765842       0.71765842       0.82339495 
      0.37898870       0.28221911       0.84268169 
       1.1905364        1.0592746        1.0592746 
      0.48377344       0.75676295        1.3474847 
      0.92546648       0.87474084        1.4065026 
      0.91364174       0.86322761        1.3917237 
      0.00000000       0.63262718        1.0864077 
      0.47534489       0.00000000       0.77243158 
      0.54565690       0.45303766       0.00000000 
log distances
from countries 1-4

      0.00000000       -6.3230856       -6.3230856       -5.8114421 
      -8.2370203       0.00000000       -5.3422521       -7.7423885 
      -5.4392494       -2.5444812       0.00000000       -4.9446176 
      -5.3585060       -5.3755177       -5.3755177       0.00000000 
      -7.0671681       -4.1723999       -4.1355476       -6.5725363 
      -7.8939644       -4.8317480       -5.3686354       -7.3993326 
      -6.3401622       -3.4453940       -2.0354225       -5.8455304 
      -5.5583141       -1.2904267       -2.3308032       -5.0636822 
      -8.9161009       -6.3907719       -6.3539196       -8.4214691 
      -6.4875613       -3.2969027       -3.5559409       -5.9929295 
      -4.4791652       -4.4791652       -4.4791652       -4.9737970 
      -5.5555495       -2.6607813       -1.7624535       -5.0609177 
      -3.4557601       -6.4927327       -6.4927327       -5.9810891 
      -7.5603237       -4.4981073       -4.6655555       -7.0656919 
      -7.7659165       -5.2405874       -5.2037352       -7.2712847 
      -7.7149103       -5.1895812       -5.1527289       -7.2202784 
      -6.5841063       -3.5218899       -4.0587772       -6.0894745 
      -5.2337095       -3.2200240       -2.2481474       -4.7390777 
      -3.5885060       -3.6055177       -3.6055177      -0.39784733 
from countries 5-8

      -6.3230856       -6.3230856       -6.3230856       -6.3230856 
      -5.3422521       -5.1748039       -5.3422521       -3.9691329 
      -2.5076289       -2.9139203       -1.1345098       -2.2117385 
      -5.3755177       -5.3755177       -5.3755177       -5.3755177 
      0.00000000       -4.1723999       -4.1355476       -3.2740720 
      -4.9991962       0.00000000       -5.3686354       -4.9991962 
      -3.4085417       -3.8148331       0.00000000       -3.1126513 
      -1.7652180       -2.6635458       -2.3308032       0.00000000 
      -6.3539196       -6.5749777       -6.3539196       -6.3539196 
      -3.9253800       -3.9622323       -3.2600505       -3.2600505 
      -4.4791652       -4.4791652       -4.9737970       -4.4791652 
      -2.6239291       -3.0302205       -2.0583439       -1.7624535 
      -6.4927327       -6.4927327       -6.4927327       -6.4927327 
      -4.0999703       -4.1286681       -5.0349946       -4.6655555 
      -5.3879410       -5.4247932       -5.2037352       -5.2037352 
      -5.1527289       -5.3737870       -4.4873994       -5.1527289 
      -3.1237529       -2.5868655       -4.0587772       -3.6893381 
      -2.8137326       -3.2200240       -2.2481474       -2.8137326 
      -3.6055177       -3.6055177       -3.6055177       -3.6055177 
from countries 9-12

      -6.3230856       -6.3230856       -5.8284538       -6.3230856 
      -5.7116912       -5.0463617       -7.7423885       -5.3422521 
      -2.8770681       -2.5076289       -4.9446176       -1.6461533 
      -5.3755177       -5.3755177       -5.8701495       -5.3755177 
      -4.5049868       -4.5049868       -6.5725363       -4.1355476 
      -5.5528412       -5.3686354       -7.3993326       -5.3686354 
      -3.7779809       -3.1126513       -6.3401622       -2.8429565 
      -2.9961327       -2.3308032       -5.0636822       -1.7652180 
      0.00000000       -5.9844805       -8.4214691       -6.3539196 
      -3.5559409       0.00000000       -6.4875613       -3.9253800 
      -4.4791652       -4.9737970       0.00000000       -4.4791652 
      -2.9933682       -2.9933682       -5.0609177       0.00000000 
      -6.4927327       -6.4927327       -5.9981009       -6.4927327 
      -5.2192005       -5.0349946       -7.0656919       -4.6655555 
      -5.3879410       -5.2037352       -7.7659165       -5.2037352 
      -5.1527289       -5.1527289       -7.7149103       -5.1527289 
      -4.0587772       -4.0587772       -6.0894745       -3.6893381 
      -3.1831717       -3.1831717       -5.2507212       -2.2481474 
      -3.6055177       -3.6055177       -4.1001495       -3.6055177 
from countries 13-16

      -3.2861130       -6.3230856       -6.3230856       -6.3230856 
      -8.2370203       -5.1748039       -5.7116912       -5.7116912 
      -5.4392494       -2.5444812       -2.8770681       -2.8770681 
      -5.3585060       -5.3755177       -5.3755177       -5.3755177 
      -7.0671681       -3.6068147       -4.6891926       -4.5049868 
      -7.8939644       -4.4623089       -5.5528412       -5.5528412 
      -6.3401622       -3.8148331       -3.7779809       -3.1126513 
      -5.5583141       -2.6635458       -2.9961327       -2.9961327 
      -8.9161009       -6.5749777       -6.5381255       -6.3539196 
      -6.4875613       -3.9622323       -3.9253800       -3.9253800 
      -4.4791652       -4.4791652       -4.9737970       -4.9737970 
      -5.5555495       -2.6607813       -2.9933682       -2.9933682 
      0.00000000       -6.4927327       -6.4927327       -6.4927327 
      -7.5603237       0.00000000       -5.2192005       -5.0349946 
      -7.7659165       -5.4247932       0.00000000       -3.9728204 
      -7.7149103       -5.1895812       -3.9218142       0.00000000 
      -6.5841063       -2.2909751       -4.2429831       -4.2429831 
      -5.2337095       -2.8505848       -3.1831717       -3.1831717 
      -3.5885060       -3.6055177       -3.6055177       -3.6055177 
from countries 17-19

      -6.3230856       -5.8114421       -5.8114421 
      -5.1748039       -5.7116912       -7.7423885 
      -2.9139203       -1.9420437       -4.9446176 
      -5.3755177       -4.8638742       -2.1678473 
      -3.6068147       -4.1355476       -6.5725363 
      -3.6008332       -5.3686354       -7.3993326 
      -3.8148331       -2.8429565       -5.8455304 
      -2.6635458       -2.6266936       -5.0636822 
      -6.3907719       -6.3539196       -8.4214691 
      -3.9622323       -3.9253800       -5.9929295 
      -4.4791652       -4.4791652       -4.9737970 
      -2.6607813       -2.0583439       -5.0609177 
      -6.4927327       -5.9810891       -5.9810891 
      -3.2671925       -4.6655555       -7.0656919 
      -5.4247932       -5.2037352       -7.2712847 
      -5.3737870       -5.1527289       -7.2202784 
      0.00000000       -4.0587772       -6.0894745 
      -3.2200240       0.00000000       -4.7390777 
      -3.6055177       -3.0938742       0.00000000 
wage and excess demand

       6.2319524      -0.15915020 
       7.2061044      -0.14782126 
       9.0015698     -0.038199698 
       8.2774313        1.1938772 
       9.1187872     -0.028289968 
       9.1517616     -0.041127276 
       8.9391349     -0.058505207 
       8.9573248      -0.17479475 
       4.1587994      -0.17387601 
       7.3523238      0.080646028 
       7.5740164      0.074415114 
       8.8485776      0.037471997 
       4.7191140      -0.12502211 
       9.7907964       0.17585942 
       2.6400568     -0.079496725 
       5.4100351      -0.17984425 
       9.2104904     -0.064440470 
       7.5615674      -0.13654289 
       8.3199521     -0.015474327 
maxexlab        1.1938772 
wage and excess demand

       6.1327708     -0.086309727 
       7.0995828     -0.076259260 
       8.9671840     -0.012455112 
       9.2656549       0.35831825 
       9.0929902    -0.0042495287 
       9.1141229     -0.021505640 
       8.8868363     -0.031981721 
       8.8007554     -0.090038989 
       4.0864878      -0.11385471 
       7.4116174      0.027530587 
       7.6303785      0.053474787 
       8.8817350      0.043245318 
       4.6601146     -0.056908548 
       9.9629768      0.083021762 
       2.6190692     -0.042584108 
       5.3127387      -0.10957625 
       9.1511376     -0.032791419 
       7.4583195     -0.070623561 
       8.3070775     0.0031088801 
maxexlab       0.35831825 
wage and excess demand

       6.0798390     -0.048212765 
       7.0454419     -0.041126189 
       8.9560153    -0.0061008874 
       9.5976602       0.17439027 
       9.0891261   -0.00085833614 
       9.0945224     -0.015620510 
       8.8584147     -0.021691215 
       8.7215143     -0.047758811 
       4.0399612     -0.074229205 
       7.4320220     0.0046289857 
       7.6711818      0.033852620 
       8.9201443      0.032179104 
       4.6335946     -0.028290008 
       10.045691      0.037762287 
       2.6079162     -0.026469236 
       5.2545237     -0.066194658 
       9.1211297     -0.020977013 
       7.4056462     -0.039384334 
       8.3096601     0.0028505420 
maxexlab       0.17439027 
wage and excess demand

       6.0505264     -0.026593601 
       7.0164667     -0.022589583 
       8.9505513    -0.0034452020 
       9.7650341      0.094042845 
       9.0883459   -0.00053877251 
       9.0803163     -0.011165296 
       8.8391997     -0.014761796 
       8.6798614     -0.025621938 
       4.0099729     -0.047410219 
       7.4354623    -0.0028500692 
       7.6971507      0.021236060 
       8.9488486      0.022098705 
       4.6204861     -0.014138903 
       10.083626      0.016864971 
       2.6010132     -0.016753076 
       5.2197416     -0.039181624 
       9.1019963     -0.013696024 
       7.3764796     -0.022326018 
       8.3120288     0.0016407176 
maxexlab      0.094042845 
wage and excess demand

       6.0344359     -0.014488211 
       7.0006168     -0.012661081 
       8.9474677    -0.0020887636 
       9.8568672      0.053009581 
       9.0878563   -0.00067081968 
       9.0701779    -0.0076436765 
       8.8261515    -0.0098168530 
       8.6576219     -0.014003707 
       3.9909615     -0.029772976 
       7.4333431    -0.0043578755 
       7.7134965      0.013333557 
       8.9686244      0.014650243 
       4.6139533    -0.0070468778 
       10.100632     0.0071696941 
       2.5966557     -0.010577293 
       5.1992898     -0.022904283 
       9.0895302    -0.0088481515 
       7.3600108     -0.012794480 
       8.3133925    0.00078780592 
maxexlab      0.053009581 
wage and excess demand

       6.0256931    -0.0078051169 
       6.9917533    -0.0072356813 
       8.9455988    -0.0013137479 
       9.9091181      0.030557963 
       9.0872466   -0.00072829957 
       9.0632449    -0.0050510552 
       8.8174870    -0.0063820717 
       8.6454980    -0.0078170154 
       3.9790793     -0.018473239 
       7.4301038    -0.0038529624 
       7.7237813     0.0083935393 
       8.9817636     0.0095274166 
       4.6107019    -0.0034850533 
       10.107874     0.0027520877 
       2.5939091    -0.0066342704 
       5.1873812     -0.013319854 
       9.0814876    -0.0056321487 
       7.3505941    -0.0074037047 
       8.3140475    0.00030968770 
maxexlab      0.030557963 
wage and excess demand

       6.0209900    -0.0041580232 
       6.9866942    -0.0042050123 
       8.9444235   -0.00084356518 
       9.9393983      0.017830554 
       9.0865848   -0.00067391626 
       9.0586670    -0.0032548893 
       8.8118596    -0.0040767761 
       8.6387398    -0.0044519070 
       3.9717286     -0.011370853 
       7.4272410    -0.0028891555 
       7.7302643     0.0052972122 
       8.9903209     0.0061240845 
       4.6090950    -0.0017004535 
       10.110656    0.00082406624 
       2.5921883    -0.0041353258 
       5.1804717    -0.0077450946 
       9.0763728    -0.0035396695 
       7.3451519    -0.0043237595 
       8.3143050   7.2586020e-005 
maxexlab      0.017830554 
wage and excess demand

       6.0184864    -0.0021877433 
       6.9837563    -0.0024768678 
       8.9436690   -0.00054881290 
       9.9571208      0.010474325 
       9.0859725   -0.00056046200 
       9.0557185    -0.0020615950 
       8.8082672    -0.0025712551 
       8.6348940    -0.0025795949 
       3.9672124    -0.0069637319 
       7.4250951    -0.0020035875 
       7.7343592     0.0033502066 
       8.9958267     0.0039069240 
       4.6083113   -0.00081215345 
       10.111489   4.9332537e-005 
       2.5911163    -0.0025651890 
       5.1764594    -0.0045166341 
       9.0731600    -0.0022032139 
       7.3419761    -0.0025466980 
       8.3143653  -3.0630822e-005 
maxexlab      0.010474325 
wage and excess demand

       6.0171697    -0.0011339129 
       6.9820266    -0.0014741379 
       8.9431782   -0.00036038199 
       9.9675502     0.0061758654 
       9.0854632   -0.00043410178 
       9.0538516    -0.0012906767 
       8.8060024    -0.0016072337 
       8.6326665    -0.0015158314 
       3.9644498    -0.0042515791 
       7.4236074    -0.0013298193 
       7.7369503     0.0021224332 
       8.9993413     0.0024798467 
       4.6079370   -0.00037508885 
       10.111539   -0.00021110663 
       2.5904516    -0.0015856768 
       5.1741213    -0.0026458020 
       9.0711610    -0.0013619088 
       7.3401063    -0.0015115870 
       8.3143398  -6.5858658e-005 
maxexlab     0.0061758654 
wage and excess demand

       6.0164874   -0.00057645942 
       6.9809973   -0.00088420983 
       8.9428559   -0.00023832828 
       9.9737061     0.0036485655 
       9.0850688   -0.00032004159 
       9.0526831   -0.00080179747 
       8.8045870   -0.00099841195 
       8.6313579   -0.00090059892 
       3.9627642    -0.0025910937 
       7.4226202   -0.00085931555 
       7.7385924     0.0013464308 
       9.0015730     0.0015685000 
       4.6077642   -0.00016394878 
       10.111325   -0.00025736541 
       2.5900409   -0.00097787093 
       5.1727524    -0.0015579372 
       9.0699256   -0.00083787784 
       7.3389968   -0.00090328692 
       8.3142851  -6.9612127e-005 
maxexlab     0.0036485655 
wage and excess demand

       6.0161406   -0.00028546983 
       6.9803800   -0.00053345016 
       8.9426428   -0.00015849602 
       9.9773450     0.0021574872 
       9.0847781   -0.00022771172 
       9.0519572   -0.00049557711 
       8.8037080   -0.00061757738 
       8.6305806   -0.00053962683 
       3.9617375    -0.0015776405 
       7.4219824   -0.00054588024 
       7.7396344    0.00085507906 
       9.0029849    0.00098959007 
       4.6076886  -6.4800833e-005 
       10.111065   -0.00022568746 
       2.5897876   -0.00060213551 
       5.1719465   -0.00092225486 
       9.0691657   -0.00051389316 
       7.3383338   -0.00054294466 
       8.3142272  -6.0775158e-005 
maxexlab     0.0021574872 
wage and excess demand

       6.0159689   -0.00013611555 
       6.9800077   -0.00032323768 
       8.9425010   -0.00010587635 
       9.9794976     0.0012761466 
       9.0845712   -0.00015779807 
       9.0515086   -0.00030532877 
       8.8031643   -0.00038092072 
       8.6301149   -0.00032544166 
       3.9611124   -0.00096020596 
       7.4215772   -0.00034292917 
       7.7402962    0.00054351846 
       9.0038758    0.00062321017 
       4.6076588  -2.0296994e-005 
       10.110837   -0.00017445799 
       2.5896317   -0.00037045454 
       5.1714695   -0.00054876332 
       9.0686996   -0.00031460305 
       7.3379354   -0.00032798498 
       8.3141767  -4.8458517e-005 
maxexlab     0.0012761466 
wage and excess demand

       6.0158870  -6.1161704e-005 
       6.9797820   -0.00019651293 
       8.9424063  -7.0975416e-005 
       9.9807712    0.00075475273 
       9.0844278   -0.00010717606 
       9.0512323   -0.00018775911 
       8.8028290   -0.00023451897 
       8.6298340   -0.00019725043 
       3.9607321   -0.00058439975 
       7.4213227   -0.00021386274 
       7.7407169    0.00034573515 
       9.0044369    0.00039194658 
       4.6076494  -1.8189770e-006 
       10.110660   -0.00012618322 
       2.5895357   -0.00022783229 
       5.1711857   -0.00032810164 
       9.0684143   -0.00019242096 
       7.3376947   -0.00019897411 
       8.3141364  -3.6645149e-005 
maxexlab    0.00075475273 
wage and excess demand

       6.0158502  -2.4714091e-005 
       6.9796449   -0.00011978167 
       8.9423429  -4.7708041e-005 
       9.9815245    0.00044621543 
       9.0843305  -7.1669159e-005 
       9.0510623   -0.00011534794 
       8.8026225   -0.00014422434 
       8.6296638   -0.00012001851 
       3.9605006   -0.00035575544 
       7.4211640   -0.00013273896 
       7.7409845    0.00022006210 
       9.0047899    0.00024625006 
       4.6076486   4.7200613e-006 
       10.110533  -8.7631143e-005 
       2.5894767   -0.00014011819 
       5.1710160   -0.00019703715 
       9.0682398   -0.00011766281 
       7.3375487   -0.00012114554 
       8.3141059  -2.6769358e-005 
maxexlab    0.00044621543 
wage and excess demand

       6.0158353  -7.8114195e-006 
       6.9795613  -7.3165855e-005 
       8.9423002  -3.2132294e-005 
       9.9819699    0.00026365585 
       9.0842654  -4.7341730e-005 
       9.0509579  -7.0839589e-005 
       8.8024956  -8.8643526e-005 
       8.6295602  -7.3251614e-005 
       3.9603597   -0.00021665236 
       7.4210655  -8.2139698e-005 
       7.7411549    0.00014014645 
       9.0050116    0.00015459172 
       4.6076507   6.1116474e-006 
       10.110444  -5.9231484e-005 
       2.5894405  -8.6197155e-005 
       5.1709142   -0.00011880257 
       9.0681331  -7.1968713e-005 
       7.3374598  -7.3987259e-005 
       8.3140837  -1.9085976e-005 
maxexlab    0.00026365585 
wage and excess demand

       6.0158306  -5.6818280e-007 
       6.9795102  -4.4771780e-005 
       8.9422715  -2.1671626e-005 
       9.9822330    0.00015567489 
       9.0842224  -3.0968192e-005 
       9.0508938  -4.3511040e-005 
       8.8024175  -5.4471895e-005 
       8.6294970  -4.4820519e-005 
       3.9602739   -0.00013200786 
       7.4210046  -5.0737360e-005 
       7.7412634   8.9294502e-005 
       9.0051508   9.6991208e-005 
       4.6076536   5.5282713e-006 
       10.110384  -3.9279379e-005 
       2.5894181  -5.3052009e-005 
       5.1708527  -7.1890425e-005 
       9.0680678  -4.4048139e-005 
       7.3374056  -4.5306165e-005 
       8.3140678  -1.3366316e-005 
maxexlab    0.00015567489 
wage and excess demand

       6.0158303   2.0825617e-006 
       6.9794790  -2.7440096e-005 
       8.9422521  -1.4628935e-005 
       9.9823884   9.1840149e-005 
       9.0841942  -2.0099193e-005 
       9.0508544  -2.6737583e-005 
       8.8023696  -3.3476456e-005 
       8.6294583  -2.7482171e-005 
       3.9602216  -8.0482583e-005 
       7.4209669  -3.1310915e-005 
       7.7413325   5.6917998e-005 
       9.0052381   6.0823548e-005 
       4.6076561   4.3790501e-006 
       10.110345  -2.5687556e-005 
       2.5894044  -3.2673137e-005 
       5.1708155  -4.3644321e-005 
       9.0680279  -2.6984094e-005 
       7.3373723  -2.7807153e-005 
       8.3140567  -9.2332716e-006 
maxexlab   9.1840149e-005 
wage and excess demand

       6.0158315   2.6792863e-006 
       6.9794598  -1.6841964e-005 
       8.9422390  -9.8790071e-006 
       9.9824801   5.4128666e-005 
       9.0841760  -1.2962287e-005 
       9.0508302  -1.6441634e-005 
       8.8023401  -2.0579748e-005 
       8.6294346  -1.6881643e-005 
       3.9601898  -4.9102399e-005 
       7.4209437  -1.9316230e-005 
       7.7413765   3.6294217e-005 
       9.0052929   3.8128394e-005 
       4.6076581   3.2366797e-006 
       10.110319  -1.6624143e-005 
       2.5893959  -2.0137844e-005 
       5.1707930  -2.6574032e-005 
       9.0680034  -1.6548852e-005 
       7.3373519  -1.7101434e-005 
       8.3140490  -6.3097597e-006 
maxexlab   5.4128666e-005 
wage and excess demand

       6.0158331   2.4534038e-006 
       6.9794481  -1.0351138e-005 
       8.9422302  -6.6716669e-006 
       9.9825342   3.1867676e-005 
       9.0841642  -8.3164815e-006 
       9.0508153  -1.0119044e-005 
       8.8023220  -1.2657337e-005 
       8.6294200  -1.0386736e-005 
       3.9601703  -2.9979859e-005 
       7.4209293  -1.1917850e-005 
       7.7414046   2.3151117e-005 
       9.0053273   2.3894496e-005 
       4.6076596   2.2932957e-006 
       10.110302  -1.0673000e-005 
       2.5893907  -1.2422489e-005 
       5.1707792  -1.6223320e-005 
       9.0679884  -1.0161674e-005 
       7.3373394  -1.0536288e-005 
       8.3140438  -4.2746180e-006 
maxexlab   3.1867676e-005 
wages from: (1) doloop, (2) wagebill, and (3) data

       6.0158346        6.0158465        6.2319524 
       6.9794408        6.9793964        7.2061044 
       8.9422242        8.9421839        9.0015698 
       9.9825660        9.9827530        8.2774313 
       9.0841566        9.0841084        9.1187872 
       9.0508062        9.0507497        9.1517616 
       8.8023109        8.8022423        8.9391349 
       8.6294111        8.6293558        8.9573248 
       3.9601585        3.9600859        4.1587994 
       7.4209205        7.4208659        7.3523238 
       7.7414226        7.7415369        7.5740164 
       9.0053488        9.0054836        8.8485776 
       4.6076607        4.6076680        4.7191140 
       10.110291        10.110222        9.7907964 
       2.5893875        2.5893676        2.6400568 
       5.1707709        5.1707195        5.4100351 
       9.0679792        9.0679226        9.2104904 
       7.3373316        7.3372839        7.5615674 
       8.3140402        8.3140163        8.3199521 
root mean square error      0.050054291 
phis and phitildes

      0.85803804        1.0420692 
      0.50320557       0.76796604 
       1.3762967        5.2350062 
       1.9276032        4.5088637 
      0.64437371        1.3117365 
      0.54402480       0.74787466 
       3.4485385        4.7487567 
       8.4609404        10.586723 
      0.11112350       0.16964805 
       3.2324349        4.0391502 
       15.843075        16.292821 
       1.6394560        5.0669396 
      0.37726603       0.54775619 
      0.41521325       0.72959769 
      0.32651410       0.50960945 
      0.99618181        1.1955707 
       1.3755918        2.0822420 
       4.5582516        6.3903539 
       20.876261        23.301426 
real wages and welfare

       6.0198723   2.9581199e+011 
       6.9495037   1.5774693e+011 
       9.1865162   1.9904635e+011 
       10.230376   5.8205893e+011 
       9.1243802   1.2968935e+011 
       9.0080952   1.3415211e+011 
       9.0284389   1.2262102e+012 
       8.9673920   1.5600353e+012 
       3.8474077   7.9513663e+010 
       7.5915296   1.1202995e+012 
       8.1012922   3.1081624e+012 
       9.2464514   2.9125740e+011 
       4.5627241   4.3109441e+010 
       10.058527   1.1475624e+011 
       2.5611224   6.6503915e+010 
       5.1858310   4.9337072e+011 
       9.1769167   2.3250816e+011 
       7.5622942   1.0057374e+012 
       8.7513613   5.7783547e+012 
Y and price
  2.9561358e+011       0.99503551 
  1.5842647e+011        1.0323990 
  1.9375322e+011       0.81879325 
  5.6795973e+011       0.83369345 
  1.2911763e+011       0.96775922 
  1.3478818e+011        1.0357098 
  1.1954983e+012       0.82849034 
  1.5012376e+012       0.75203236 
  8.1843862e+010        1.2389382 
  1.0951223e+012       0.84484409 
  2.9700939e+012       0.71387741 
  2.8366282e+011       0.82202643 
  4.3534010e+010        1.0754038 
  1.1534681e+011        1.0388093 
  6.7237866e+010        1.0848203 
  4.9193792e+011       0.97865813 
  2.2974810e+011       0.91522958 
  9.7581883e+011       0.79930841 
  5.4896000e+012       0.68368679 
relative supply wage, real wage, absolute and relative manufacture price

      0.72357536       0.68787838       0.99503551        1.4553967 
      0.83947644       0.79410544        1.0323990        1.5100468 
       1.0755570        1.0497243       0.81879325        1.1976146 
       1.2006877        1.1690040       0.83369345        1.2194085 
       1.0926284        1.0426241       0.96775922        1.4155008 
       1.0886171        1.0293364        1.0357098        1.5148892 
       1.0587284        1.0316611       0.82849034        1.2117981 
       1.0379323        1.0246854       0.75203236        1.0999662 
      0.47632178       0.43963533        1.2389382        1.8121430 
      0.89257693       0.86746843       0.84484409        1.2357180 
      0.93112643       0.92571794       0.71387741        1.0441586 
       1.0831495        1.0565729       0.82202643        1.2023436 
      0.55420236       0.52137307        1.0754038        1.5729481 
       1.2160503        1.1493672        1.0388093        1.5194228 
      0.31144756       0.29265417        1.0848203        1.5867211 
      0.62193239       0.59257421       0.97865813        1.4314422 
       1.0906826        1.0486273       0.91522958        1.3386679 
      0.88252299       0.86412776       0.79930841        1.1691149 
       1.0000000        1.0000000       0.68368679        1.0000000 
predicted and actual export and import shares

     0.071839486      0.099021867       0.21447900       0.23737063 
      0.51333097       0.44612435       0.52614774       0.56968511 
       2.7812764        2.7332215        2.8036902        2.5723339 
       1.3058652       0.54498391        1.3391036       0.53235100 
      0.96192366       0.90245341        1.0356767       0.87841436 
      0.34934843       0.38511590       0.37470693       0.37444027 
      0.35137774       0.29658697       0.37703455       0.34542776 
      0.34264093       0.33164560       0.25124660       0.25777444 
      0.18926928       0.21536427       0.52666224       0.60798751 
      0.22974881       0.21757132       0.24956893       0.20758157 
     0.046649267      0.071898198      0.028387542      0.034341602 
       1.9633839        1.7102828        2.0906225        1.6771402 
      0.32680879       0.34253795       0.45190965       0.46027119 
      0.58617806       0.69850180       0.75716378       0.65887212 
      0.47182815       0.45720085       0.56075789       0.60483152 
      0.14689289       0.18399022       0.20015311       0.26552788 
      0.52539104       0.55548332       0.51370630       0.51463366 
      0.41935189       0.28550749       0.40193091       0.36053434 
     0.096578919      0.084258440       0.11616854       0.10493163 
myxnn, xnn, mympurch and mpurch

  1.0768255e+011   1.1272443e+011   1.3077820e+011   1.3077820e+011 
  6.3953751e+010   6.6659191e+010   9.7602872e+010   9.7602872e+010 
  3.1667494e+010   3.3158358e+010   1.2045334e+011   1.2045334e+011 
  1.4652442e+011   1.7388518e+011   3.4273581e+011   3.4273581e+011 
  3.5517374e+010   2.7307319e+010   7.2301890e+010   7.2301890e+010 
  5.8296634e+010   5.0334467e+010   8.0140788e+010   8.0140788e+010 
  5.1585325e+011   4.8715372e+011   7.1034774e+011   7.1034774e+011 
  1.0457802e+012   8.6374319e+011   1.3085289e+012   1.3085289e+012 
  1.8708490e+010   2.3728636e+010   2.8561546e+010   2.8561546e+010 
  5.2580196e+011   5.5053835e+011   6.5702579e+011   6.5702579e+011 
  1.9642556e+012   2.1942123e+012   2.0200160e+012   2.0200160e+012 
  5.0577553e+010   5.3050577e+010   1.5631612e+011   1.5631612e+011 
  1.4432040e+010   1.5189558e+010   2.0954019e+010   2.0954019e+010 
  3.0635672e+010   3.3197284e+010   5.3831894e+010   5.3831894e+010 
  2.2589926e+010   3.0104507e+010   3.5257405e+010   3.5257405e+010 
  2.2356860e+011   2.2377224e+011   2.6831655e+011   2.6831655e+011 
  9.9267084e+010   8.2003210e+010   1.5026121e+011   1.5026121e+011 
  4.6357667e+011   4.3684725e+011   6.4990247e+011   6.4990247e+011 
  2.9333668e+012   2.5475770e+012   3.2741317e+012   3.2741317e+012 
 
 Canada's exports, by destination 
 (actual and predicted) 

       683.50820        724.06776 
       179.17150        106.33142 
       383.70040        315.86328 
       173885.18        146524.42 
       73.199548        148.56087 
       145.64278        126.34356 
       1047.4545        834.11733 
       1731.2995        1506.2955 
       50.431003        71.425434 
       893.08822        782.73332 
       3797.3410        1653.0408 
       629.51675        377.00494 
       141.48807        186.27032 
       152.02013        121.44590 
       93.608081        92.715362 
       226.40532        316.49201 
       291.39551        315.28851 
       2610.8526        1714.6900 
       81634.500        181948.46 
