
0.162 -0.315 0.452 0.647 0.0923 0.438 0.119 0.622 -0.0778 -0.189 0.477 -0.194 
0.376 0.288 -0.250 0.114 1.58 0.609 -0.0554 0.0287 0.196 -0.0803 -0.0521 0.297 
-0.530 0.128 0.280 0.0592 0.108 0.108 0.108 0.185 -1.35 0.264 0.126 0.332 
0.296 0.564 0.135 0.612 0.234 0.190 0.316 0.206 0.291 0.0577 0.686 0.499 
-0.139 -0.199 
0.568 0.0409 0.627 0.779 0.0421 0.451 0.322 0.894 0.261 0.291 0.236 0.233 
0.650 0.587 0.507 -0.136 1.62 0.337 0.0216 -0.00519 0.415 -0.0525 0.0497 0.406 
-0.328 0.0727 0.613 0.640 0.289 0.289 0.0748 0.0541 -1.64 0.144 0.381 0.267 
0.401 0.504 0.352 0.434 0.336 0.447 0.758 0.715 0.544 0.273 0.617 -0.00804 
0.407 -0.300 
0.515 -0.101 0.408 0.674 -0.0963 0.740 0.101 0.480 0.155 -0.170 0.0896 0.190 
0.602 0.359 0.238 0.104 1.95 0.422 0.412 0.103 0.642 0.107 0.0699 0.125 -0.253 
0.507 0.413 0.250 0.396 0.396 0.443 0.243 -1.20 0.337 0.259 0.0743 0.285 0.541 
0.217 0.561 0.632 0.388 0.984 0.610 0.319 0.333 0.676 0.481 0.0893 -0.154 
0.417 0.248 0.249 0.192 0.0495 0.511 0.283 0.527 -0.0868 -0.142 0.192 -0.308 
0.372 0.259 0.428 -0.182 1.76 0.320 -0.0146 -0.0601 0.00352 0.225 -0.331 
0.0665 -0.570 0.0487 0.271 0.393 0.277 0.277 0.209 0.181 -0.938 0.358 -0.125 
0.429 0.289 0.414 0.199 0.457 0.259 0.247 0.247 0.149 0.0355 0.289 0.652 
0.0388 0.275 0.242 
0.649 -0.0202 0.627 0.633 0.278 1.19 0.744 0.856 0.612 0.0530 0.825 0.611 
0.734 0.458 0.499 0.114 2.01 0.620 0.736 0.0616 0.487 0.000336 0.139 0.359 
-0.407 0.205 0.725 0.525 0.637 0.637 0.664 0.318 -1.31 0.961 0.124 -0.0173 
0.678 0.660 0.377 0.892 0.632 0.678 0.830 0.826 0.369 0.531 0.787 0.211 0.223 
-0.398 
0.797 0.153 0.754 0.923 0.155 1.15 0.723 0.712 0.410 0.165 0.782 0.614 0.750 
0.639 0.806 -0.0476 1.95 0.615 0.525 0.267 0.326 0.0197 0.331 0.251 -0.392 
0.0111 0.845 0.849 0.898 0.898 0.891 0.372 -0.947 0.794 0.439 0.704 0.970 
0.727 0.640 1.16 0.722 0.757 1.16 0.704 1.16 0.588 0.745 0.291 0.511 -0.480 
0.579 -0.000171 0.528 0.751 -0.0247 0.308 0.209 0.598 0.288 -0.00676 0.214 
0.194 0.559 0.439 0.520 0.0338 2.02 0.573 0.510 0.175 0.721 0.0473 0.0954 
0.607 -0.0874 0.216 0.578 -0.0250 0.183 0.183 0.266 0.198 -1.36 0.546 0.271 
0.239 0.0243 0.663 0.0773 0.613 0.564 0.532 1.16 0.922 0.508 0.511 0.693 0.435 
0.0800 0.211 
0.255 -0.149 0.292 0.591 -0.225 0.615 0.132 0.491 0.245 0.0213 0.144 0.149 
0.440 0.225 0.379 -0.0487 1.82 0.572 0.669 0.140 0.351 0.229 -0.0612 0.555 
-0.520 0.382 0.529 -0.00979 0.136 0.136 0.183 0.120 -1.13 0.313 0.0397 0.188 
0.378 0.554 0.219 0.618 0.466 0.438 0.943 0.782 0.233 0.321 0.601 0.378 -0.108 
-0.0990 
0.467 0.222 0.502 0.980 0.0345 0.490 -0.220 0.421 -0.240 -0.430 0.772 0.118 
0.812 0.310 0.500 -0.0587 1.90 0.381 -0.195 0.171 0.489 0.0275 0.141 0.538 
-0.0171 0.170 0.758 -0.128 0.275 0.275 0.473 -0.0753 -1.56 0.161 0.640 0.182 
0.317 0.313 0.210 0.130 0.217 0.192 0.944 0.00159 0.229 -0.0207 0.264 0.234 
-0.272 -0.589 
0.166 -0.158 0.453 0.768 -0.105 0.424 0.0447 0.955 -0.0757 0.285 0.196 0.221 
0.524 0.272 0.407 -0.0205 2.08 0.671 0.590 0.323 0.498 0.0974 0.230 0.596 
-0.0740 0.143 0.575 0.377 0.353 0.353 0.300 0.164 -1.62 0.853 0.0372 0.306 
0.354 0.301 0.385 0.577 0.508 0.452 1.04 0.791 0.365 0.332 0.592 0.350 0.292 
-0.195 
0.816 -0.133 0.445 0.872 1.07 1.11 0.495 0.727 -0.0779 0.278 0.0465 0.0806 
0.0344 0.167 0.469 0.256 1.97 0.785 0.393 0.00304 -0.0912 0.393 0.308 0.471 
-0.837 -0.186 0.125 -0.333 -0.284 -0.284 -0.291 0.559 -1.03 0.449 0.256 0.270 
0.491 0.535 0.195 0.999 0.416 0.490 1.07 0.500 0.0114 0.223 0.514 -0.353 0.472 
-0.527 
0.304 -0.224 0.344 0.530 -0.199 0.856 0.193 0.733 0.170 -0.0741 0.300 0.257 
0.332 0.399 0.619 0.142 1.82 0.439 0.549 0.0677 0.308 -0.0933 -0.0186 0.529 
-0.435 -0.0707 0.562 0.0559 0.202 0.202 0.249 0.199 -1.39 0.177 -0.0536 -0.394 
0.570 0.703 0.119 0.478 0.323 0.280 0.704 0.412 0.402 0.298 0.648 0.571 
-0.0454 -0.395 
0.463 0.475 0.465 0.700 0.0957 0.126 0.0271 0.686 -0.0935 -0.477 0.273 -0.149 
0.156 0.221 -0.627 0.183 1.72 0.695 -0.253 -0.0929 0.0398 -0.00332 -0.243 
0.140 -0.709 0.0871 0.418 -0.193 -0.144 -0.144 -0.152 -0.0710 -1.25 0.369 
0.227 0.150 -0.0665 0.658 0.391 0.359 0.267 0.121 -0.225 -0.0189 0.388 0.193 
0.115 -0.0305 0.425 -0.795 
0.559 0.0589 0.462 0.840 0.169 1.27 0.770 0.605 0.567 -0.225 0.745 0.666 0.771 
0.581 0.996 -0.0256 1.83 0.544 0.443 0.196 0.966 0.342 -0.0446 0.329 -0.307 
0.202 0.705 1.10 1.00 1.00 0.946 0.0688 -0.912 0.744 0.444 0.528 0.539 0.605 
0.264 0.978 0.552 0.721 0.721 0.704 1.02 0.395 0.690 0.177 0.341 -0.174 
0.189 -0.128 0.550 0.504 -0.276 -0.667 -0.209 0.406 -0.253 -0.639 0.643 0.0376 
0.204 0.329 0.256 0.0748 1.79 0.511 0.246 -0.000397 0.465 0.0997 0.0226 0.310 
-0.397 0.352 0.566 0.455 0.492 0.492 0.474 -0.0616 -1.71 0.106 -0.405 -0.0629 
0.0457 0.299 0.145 -0.252 0.355 0.161 0.825 0.197 0.146 -0.0164 0.161 0.164 
-0.282 -0.584 
0.613 0.132 0.577 0.808 -2.67e-006 0.0348 0.255 0.461 0.0276 -0.104 0.429 
0.341 0.536 0.486 0.434 -0.155 2.12 0.436 0.341 0.122 0.382 -0.183 0.340 0.556 
-0.259 0.350 0.571 0.525 0.671 0.671 0.718 0.0994 -1.51 0.633 0.273 0.175 
0.431 0.323 0.257 0.425 0.758 0.404 1.17 0.526 0.665 -0.143 0.234 0.124 0.108 
-0.324 
0.514 -0.0543 0.579 0.824 -0.0726 1.37 0.661 0.655 0.180 0.0949 0.269 0.508 
0.520 0.435 0.524 0.0426 1.76 0.281 0.281 0.198 -0.0953 0.133 0.0465 0.294 
-0.319 0.0429 0.734 0.381 0.381 0.381 0.374 0.0146 -0.972 0.819 0.245 0.422 
0.694 0.572 0.290 0.833 0.351 0.318 0.654 0.698 1.09 0.293 0.509 0.152 0.367 
-0.282 
0.202 -0.411 0.460 0.501 -0.398 0.447 0.261 1.07 0.514 -0.00845 0.290 0.124 
0.158 0.0911 0.305 0.136 1.91 0.594 -0.00496 0.0623 0.411 0.149 0.158 0.551 
-0.264 -0.111 0.545 0.374 0.499 0.499 0.534 0.0140 -1.38 -0.0190 -0.370 -0.115 
0.0459 0.452 0.245 0.300 0.0990 0.101 0.608 0.593 0.517 -0.0604 0.335 -0.123 
-0.177 -0.275 
0.000 0.000 0.000 0.000 0.000 0.000 0.000 0.000 0.000 0.000 0.000 0.000 0.000 
0.000 0.000 0.000 0.000 0.000 0.000 0.000 0.000 0.000 0.000 0.000 0.000 0.000 
0.000 0.000 0.000 0.000 0.000 0.000 0.000 0.000 0.000 0.000 0.000 0.000 0.000 
0.000 0.000 0.000 0.000 0.000 0.000 0.000 0.000 0.000 0.000 0.000 
******************************************************************************
最简单的矩估计 theta：
 
 mean(ln (Xbi/Xn)/(Xii/Xi)) 
-4.86 
 
 mean(D_ni) 
0.587 
 
 矩估计theta（直接除）
-8.28 
 
 correlation 

1.00 -0.404 
-0.404 1.00 
 
 
******************************************************************************
Table II
 
     srce                dest           
      min       max       min       max 

12.0 1.44 15.0 2.25 3.00 1.41 19.0 2.03 
17.0 1.39 13.0 2.16 18.0 1.47 11.0 1.97 
8.00 1.25 11.0 2.02 8.00 1.35 17.0 1.77 
19.0 1.58 13.0 2.57 2.00 1.57 19.0 2.14 
6.00 1.36 15.0 2.21 12.0 1.48 19.0 2.41 
17.0 1.38 15.0 2.61 5.00 1.36 19.0 2.87 
8.00 1.33 13.0 2.42 3.00 1.40 11.0 2.40 
3.00 1.35 13.0 2.28 3.00 1.25 19.0 2.22 
16.0 1.61 13.0 2.71 12.0 1.48 19.0 2.27 
7.00 1.45 13.0 2.19 2.00 1.46 11.0 2.10 
3.00 1.62 15.0 3.25 1.00 1.72 19.0 3.08 
8.00 1.30 13.0 2.17 5.00 1.39 13.0 2.01 
4.00 1.60 15.0 2.08 1.00 1.64 9.00 2.71 
6.00 1.45 11.0 2.84 17.0 1.36 19.0 2.31 
3.00 1.49 11.0 2.56 16.0 1.59 11.0 3.25 
3.00 1.39 11.0 2.47 14.0 1.51 11.0 3.05 
14.0 1.36 19.0 2.70 6.00 1.38 19.0 2.01 
12.0 1.46 11.0 2.37 7.00 1.52 13.0 2.04 
7.00 1.57 11.0 3.08 4.00 1.58 17.0 2.70 
 
 
******************************************************************************
 linear regression through the scatter in figure 2, no constant 
   (see footnote 27)
 
 dependent variable is normalized import share: ln(Xni/Xn) - ln(Xii/Xi) 
 independent variable is price measure: Dni 
 
 
 
Valid cases:                   342      Dependent variable:                   Y
Missing cases:                   0      Deletion method:                   None
Total SS:                 1093.040      Degrees of freedom:                 341
R-squared:                   0.063      Rbar-squared:                     0.063
Residual SS:              1023.754      Std error of est:                 1.733
F(1,341):                   23.078      Probability of F:                 0.000

                         Standard                 Prob   Standardized  Cor with
Variable     Estimate      Error      t-value     >|t|     Estimate    Dep Var
-------------------------------------------------------------------------------
X1          -8.025323    0.154200  -52.044909     0.000   -0.942436   -0.942436 
 
 
************************************************************************
 linear regression through the scatter in figure 2, with constant 
   (see footnote 27) 
 
 dependent variable is normalized import share: ln(Xni/Xn) - ln(Xii/Xi) 
 independent variable is price measure: Dni 
 
 
Valid cases:                   342      Dependent variable:                   Y
Missing cases:                   0      Deletion method:                   None
Total SS:                 1093.040      Degrees of freedom:                 340
R-squared:                   0.163      Rbar-squared:                     0.161
Residual SS:               914.481      Std error of est:                 1.640
F(1,340):                   66.387      Probability of F:                 0.000

                         Standard                 Prob   Standardized  Cor with
Variable     Estimate      Error      t-value     >|t|     Estimate    Dep Var
-------------------------------------------------------------------------------
CONSTANT    -2.173133    0.340939   -6.373972     0.000       ---         ---  
X1          -4.571892    0.561116   -8.147851     0.000   -0.404178   -0.404178
 
 
 *****************************************************************************
探讨 ln pi, ln pn, ln dni 对标准化贸易份额的分别贡献
 
 
 OLS regression of trade shares on log of exporter price (pi), log of importer p
rice (pn), 
 and log of geographic barriers (dni), no constant  (see footnote 26, p.16)
 
Valid cases:                   342      Dependent variable:                   Y
Missing cases:                   0      Deletion method:                   None
Total SS:                 1093.040      Degrees of freedom:                 339
R-squared:                   0.120      Rbar-squared:                     0.115
Residual SS:               961.761      Std error of est:                 1.684
F(3,339):                   15.424      Probability of F:                 0.000

                         Standard                 Prob   Standardized  Cor with
Variable     Estimate      Error      t-value     >|t|     Estimate    Dep Var
-------------------------------------------------------------------------------
X1          -9.044924    0.475523  -19.020987     0.000   -0.560827   -0.828278
X2           6.350751    0.803141    7.907389     0.000    0.393776   -0.824175
X3          -6.837405    0.327266  -20.892493     0.000   -0.855832   -0.882153
 
 
*******************************
 OLS regression of trade shares on log of exporter price (pi), log of importer p
rice (pn), 
 and log of geographic barriers (dni), with constant  (see footnote 26, p.16)
 
Valid cases:                   342      Dependent variable:                   Y
Missing cases:                   0      Deletion method:                   None
Total SS:                 1093.040      Degrees of freedom:                 338
R-squared:                   0.170      Rbar-squared:                     0.162
Residual SS:               907.672      Std error of est:                 1.639
F(3,338):                   23.009      Probability of F:                 0.000

                         Standard                 Prob   Standardized  Cor with
Variable     Estimate      Error      t-value     >|t|     Estimate    Dep Var
-------------------------------------------------------------------------------
CONSTANT    -2.358243    0.525462   -4.487940     0.000       ---         ---  
X1          -4.878989    1.037153   -4.704211     0.000   -0.383724    0.100445
X2           5.488339    0.804666    6.820644     0.000    0.431648    0.127544
X3          -4.555882    0.599847   -7.595072     0.000   -0.698953   -0.219011
 
 
************************************************************************
 Instrument for the price variable (using actual distance)
 
 
 myres 
 
 second stage 
SS in this regression1.76e+003 

3.66 0.930 
-14.5 1.57 


include source and destination dummies
 
 
 
SS in this regression961. 

-0.808 0.427 
-6.90 0.712 
 
 
 
 
*******************************************************************
 include source and destination dummies 
 dependent variable is now depvarnf 
 
 2SLS regression of the price measure on normalized trade shares 
   with observed geography terms as instruments for price measure, Dni 
   (see section 5.3, page 24) 
 
Valid cases:                   342      Dependent variable:                   Y
Missing cases:                   0      Deletion method:                   None
Total SS:                    8.543      Degrees of freedom:                 296
R-squared:                   0.691      Rbar-squared:                     0.644
Residual SS:                 2.637      Std error of est:                 0.094
F(45,296):                  14.727      Probability of F:                 0.000
Durbin-Watson:               2.214

                         Standard                 Prob   Standardized  Cor with
Variable     Estimate      Error      t-value     >|t|     Estimate    Dep Var
-------------------------------------------------------------------------------
CONSTANT     0.554833    0.029762   18.642607     0.000       ---         ---  
X01          0.000937    0.024683    0.037979     0.970    0.002163   -0.296707
X02          0.027130    0.026945    1.006859     0.315    0.074474   -0.142196
X03          0.014535    0.036931    0.393581     0.694    0.020537    0.087438
X04          0.039830    0.037289    1.068120     0.286    0.106682    0.267588
X05          0.139124    0.039273    3.542498     0.000    0.365968    0.263993
X06         -0.064655    0.026352   -2.453473     0.015   -0.113963   -0.325430
X07          0.002615    0.027956    0.093536     0.926    0.004226    0.010327
X08         -0.024207    0.023365   -1.036016     0.301   -0.067445   -0.328704
X09         -0.126517    0.035076   -3.606962     0.000   -0.147295   -0.175738
X10         -0.328160    0.049216   -6.667738     0.000   -0.673662   -0.253010
X11         -0.080321    0.039149   -2.051678     0.041   -0.164887   -0.252742
X12         -0.185784    0.034588   -5.371365     0.000   -0.381386   -0.268022
X13         -0.018191    0.045664   -0.398371     0.691   -0.037343   -0.127052
X14         -0.070804    0.036050   -1.964067     0.050   -0.145351   -0.220273
X15          0.035929    0.039926    0.899887     0.369    0.073757   -0.179098
X16         -0.022782    0.034651   -0.657474     0.511   -0.046768   -0.209500
X17         -0.053444    0.035987   -1.485106     0.139   -0.109713   -0.218894
X18          0.125517    0.036423    3.446130     0.001    0.257667   -0.098525
X19         -0.098530    0.035400   -2.783295     0.006   -0.202266   -0.220348
X20          0.266181    0.041235    6.455238     0.000    0.546428   -0.005677
X21         -0.086970    0.035602   -2.442843     0.015   -0.178535   -0.232643
X22          0.073833    0.049216    1.500182     0.135    0.151568   -0.133557
X23          0.053321    0.039809    1.339423     0.181    0.109460   -0.110796
X24          0.192520    0.038216    5.037704     0.000    0.395214   -0.175947
X25         -0.061127    0.035817   -1.706668     0.089   -0.125485   -0.218512
X26          0.051746    0.039998    1.293705     0.197    0.106226   -0.118154
X27         -0.045715    0.036009   -1.269522     0.205   -0.093845   -0.179603
X28         -0.142851    0.028770   -4.965330     0.000   -0.426085    0.069122
X29         -0.025006    0.024603   -1.016382     0.310   -0.074586    0.060064
X30         -0.108563    0.022830   -4.755216     0.000   -0.323812    0.014092
X31         -0.038173    0.027266   -1.400029     0.163   -0.113860   -0.005903
X32         -0.039080    0.023389   -1.670862     0.096   -0.116563    0.031978
X33          0.021188    0.024934    0.849781     0.396    0.063199    0.044808
X34         -0.006332    0.022854   -0.277046     0.782   -0.018886    0.045008
X35         -0.041499    0.023365   -1.776131     0.077   -0.123779    0.015426
X36          0.047791    0.023533    2.030843     0.043    0.142548    0.015141
X37         -0.060531    0.023140   -2.615917     0.009   -0.180547    0.020660
X38          0.139781    0.025441    5.494443     0.000    0.416928    0.047442
X39         -0.044388    0.023217   -1.911897     0.057   -0.132397    0.036116
X40          0.127731    0.028770    4.439758     0.000    0.380985    0.172899
X41         -0.028898    0.024866   -1.162149     0.246   -0.086195   -0.045396
X42          0.183175    0.024233    7.558794     0.000    0.546359    0.167084
X43         -0.020629    0.023299   -0.885392     0.377   -0.061530    0.052279
X44         -0.020892    0.024952   -0.837305     0.403   -0.062316   -0.034818
X45         -0.044096    0.023373   -1.886612     0.060   -0.131527    0.005788
 
 myres 
  second stage 
    
Valid cases:                   342      Dependent variable:                   Y
Missing cases:                   0      Deletion method:                   None
Total SS:                 2936.913      Degrees of freedom:                 304
R-squared:                   0.947      Rbar-squared:                     0.941
Residual SS:               154.743      Std error of est:                 0.713
F(37,304):                 147.722      Probability of F:                 0.000
Durbin-Watson:               2.276

                         Standard                 Prob   Standardized  Cor with
Variable     Estimate      Error      t-value     >|t|     Estimate    Dep Var
-------------------------------------------------------------------------------
CONSTANT     2.690744    0.518380    5.190676     0.000       ---         ---  
X01        -12.862154    0.881112  -14.597632     0.000   -0.576743   -0.282596
X02         -4.379061    0.262286  -16.695745     0.000   -0.484827    0.076667
X03         -2.373090    0.267294   -8.878213     0.000   -0.262736    0.156686
X04         -0.762720    0.317401   -2.403017     0.017   -0.084444    0.441334
X05         -1.195235    0.239032   -5.000324     0.000   -0.132330    0.110749
X06         -0.886755    0.258082   -3.435941     0.001   -0.098177    0.255770
X07         -0.634263    0.238308   -2.661529     0.008   -0.070222    0.131898
X08          0.461957    0.246269    1.875821     0.062    0.051145    0.121039
X09          0.638974    0.266133    2.400956     0.017    0.070744    0.107292
X10         -0.455004    0.258220   -1.762081     0.079   -0.050376    0.199191
X11         -0.867693    0.264256   -3.283534     0.001   -0.096067    0.072524
X12          3.217836    0.391861    8.211670     0.000    0.356262   -0.080081
X13          0.455939    0.265102    1.719863     0.086    0.050479    0.367198
X14          0.621791    0.341255    1.822074     0.069    0.068842    0.148512
X15          0.008904    0.238201    0.037381     0.970    0.000986    0.204213
X16          1.569687    0.286738    5.474296     0.000    0.173788    0.190365
X17         -1.578771    0.248078   -6.364000     0.000   -0.174793    0.087274
X18          0.990810    0.238195    4.159655     0.000    0.109697    0.178457
X19          1.106633    0.245633    4.505229     0.000    0.122521    0.148982
X20         -1.842036    0.167882  -10.972179     0.000   -0.296319   -0.215557
X21         -1.314255    0.170618   -7.702915     0.000   -0.211417   -0.247495
X22         -4.478607    0.202395  -22.128102     0.000   -0.720451   -0.534884
X23         -0.904355    0.164671   -5.491893     0.000   -0.145479   -0.216135
X24         -1.987282    0.172263  -11.536359     0.000   -0.319684   -0.341920
X25         -0.116991    0.163933   -0.713652     0.476   -0.018820   -0.210543
X26          1.468290    0.166113    8.839126     0.000    0.236196   -0.127259
X27          1.982772    0.179199   11.064648     0.000    0.318958   -0.072476
X28         -2.055326    0.167984  -12.235268     0.000   -0.330630   -0.353077
X29          1.167665    0.177152    6.591322     0.000    0.187836   -0.081076
X30          5.101323    0.230105   22.169519     0.000    0.820624    0.052436
X31         -2.475357    0.174222  -14.208065     0.000   -0.398198   -0.438046
X32          0.247988    0.260310    0.952663     0.342    0.039893   -0.320555
X33         -1.556102    0.171452   -9.076027     0.000   -0.250322   -0.289586
X34          0.932966    0.226573    4.117729     0.000    0.150081   -0.299547
X35          0.219792    0.165969    1.324297     0.186    0.035357   -0.150652
X36         -0.097743    0.169650   -0.576143     0.565   -0.015723   -0.219113
X37          1.245900    0.171019    7.285139     0.000    0.200422   -0.143866
 
 do the standard errors right 
SS in this regression601. 

2.69 0.964 
-12.9 1.64 
-4.38 0.488 
-2.37 0.497 
-0.763 0.590 
-1.20 0.445 
-0.887 0.480 
-0.634 0.443 
0.462 0.458 
0.639 0.495 
-0.455 0.480 
-0.868 0.492 
3.22 0.729 
0.456 0.493 
0.622 0.635 
0.00890 0.443 
1.57 0.533 
-1.58 0.462 
0.991 0.443 
1.11 0.457 
-1.84 0.312 
-1.31 0.317 
-4.48 0.377 
-0.904 0.306 
-1.99 0.320 
-0.117 0.305 
1.47 0.309 
1.98 0.333 
-2.06 0.313 
1.17 0.330 
5.10 0.428 
-2.48 0.324 
0.248 0.484 
-1.56 0.319 
0.933 0.422 
0.220 0.309 
-0.0977 0.316 
1.25 0.318 
 
 
 -----------------------------------------------------------------
 2SLS estimate of theta: -12.9           standard error: 1.64 
 
这就是5.3中对 theta 的估计值12.86(1.64)
 
 
*****************************************************************************
  Do OLS but include source and destination dummies 
 
Valid cases:                   342      Dependent variable:                   Y
Missing cases:                   0      Deletion method:                   None
Total SS:                 2936.913      Degrees of freedom:                 304
R-squared:                   0.917      Rbar-squared:                     0.907
Residual SS:               243.497      Std error of est:                 0.895
F(37,304):                  90.883      Probability of F:                 0.000
Durbin-Watson:               2.314

                         Standard                 Prob   Standardized  Cor with
Variable     Estimate      Error      t-value     >|t|     Estimate    Dep Var
-------------------------------------------------------------------------------
CONSTANT    -3.419916    0.293365  -11.657554     0.000       ---         ---  
X01         -2.446728    0.493180   -4.961121     0.000   -0.131958   -0.232583
X02         -3.080888    0.305043  -10.099832     0.000   -0.341100    0.076667
X03         -0.939280    0.306402   -3.065513     0.002   -0.103992    0.156686
X04          1.717113    0.321031    5.348741     0.000    0.190110    0.441334
X05         -1.432489    0.298997   -4.790981     0.000   -0.158598    0.110749
X06          0.287799    0.303918    0.946964     0.344    0.031864    0.255770
X07         -0.544774    0.298816   -1.823111     0.069   -0.060315    0.131898
X08          1.201611    0.300832    3.994297     0.000    0.133036    0.121039
X09          2.042294    0.306086    6.672298     0.000    0.226112    0.107292
X10         -1.633782    0.303955   -5.375085     0.000   -0.180884    0.199191
X11          0.485152    0.305576    1.587664     0.113    0.053713    0.072524
X12         -0.460344    0.345842   -1.331083     0.184   -0.050967   -0.080081
X13          1.831708    0.305805    5.989789     0.000    0.202797    0.367198
X14         -2.266967    0.328608   -6.898695     0.000   -0.250987    0.148512
X15          0.038858    0.298789    0.130052     0.897    0.004302    0.204213
X16         -0.317392    0.311861   -1.017737     0.310   -0.035140    0.190365
X17         -0.758980    0.301297   -2.519043     0.012   -0.084030    0.087274
X18          1.013743    0.298788    3.392852     0.001    0.112236    0.178457
X19          1.816111    0.300669    6.040243     0.000    0.201070    0.148982
X20         -1.414055    0.206635   -6.843264     0.000   -0.227472   -0.215557
X21         -0.755192    0.207335   -3.642370     0.000   -0.121484   -0.247495
X22         -3.075471    0.216105  -14.231359     0.000   -0.494735   -0.534884
X23         -0.720126    0.205823   -3.498757     0.001   -0.115843   -0.216135
X24         -1.361703    0.207761   -6.554180     0.000   -0.219050   -0.341920
X25         -0.123547    0.205639   -0.600795     0.548   -0.019874   -0.210543
X26          1.785421    0.206186    8.659271     0.000    0.287212   -0.127259
X27          2.838335    0.209591   13.542255     0.000    0.456589   -0.072476
X28         -2.488827    0.206660  -12.043074     0.000   -0.400365   -0.353077
X29          1.961431    0.209045    9.382811     0.000    0.315525   -0.081076
X30          3.192542    0.224625   14.212786     0.000    0.513568    0.052436
X31         -1.778066    0.208272   -8.537220     0.000   -0.286028   -0.438046
X32         -2.142259    0.234728   -9.126578     0.000   -0.344614   -0.320555
X33         -0.962456    0.207551   -4.637204     0.000   -0.154825   -0.289586
X34         -0.915829    0.223497   -4.097726     0.000   -0.147325   -0.299547
X35          0.526213    0.206150    2.552574     0.011    0.084649   -0.150652
X36          0.418524    0.207086    2.021010     0.044    0.067326   -0.219113
X37          1.821853    0.207439    8.782592     0.000    0.293072   -0.143866
这就是5.3中对 theta 的估计值2.44(0.49)
