 ***** 
 s = ratio of sigs2/sigd2 
  ***** 
 MYYEAR =   20.000 
 INCLUDES TALK, EU, and EFTA 
 ***** 
 
 ********************** 
mytheta1 =   8.2800 
mytheta2 =   3.6000 
mytheta3 =   12.860 
 **********************  
  
         **********************(30) ʽOLS********************************** 
*********
Valid cases:                   342      Dependent variable:                   Y
Missing cases:                   0      Deletion method:                   None
Total SS:                 2936.913      Degrees of freedom:                 296
R-squared:                   0.976      Rbar-squared:                     0.972
Residual SS:                71.449      Std error of est:                 0.491
F(46,296):                 258.065      Probability of F:                 0.000
Durbin-Watson:               2.066

                         Standard                 Prob   Standardized  Cor with
Variable     Estimate      Error      t-value     >|t|     Estimate    Dep Var
-------------------------------------------------------------------------------
X01         -3.102440    0.154903  -20.028212     0.000   -0.156529   -0.131489
X02         -3.665941    0.106969  -34.271186     0.000   -0.256859   -0.247959
X03         -4.033395    0.095713  -42.140669     0.000   -0.356643   -0.396102
X04         -4.218077    0.153080  -27.554759     0.000   -0.170633   -0.219700
X05         -6.064372    0.087005  -69.701048     0.000   -0.517183   -0.461331
X06         -6.558933    0.097792  -67.070359     0.000   -0.545197   -0.525759
X07          0.303564    0.137159    2.213222     0.028    0.015587   -0.136841
X08          0.510080    0.145505    3.505587     0.001    0.023826   -0.192511
X09          0.035912    0.121613    0.295297     0.768    0.003248   -0.338519
X10          0.536071    0.182563    2.936356     0.004    0.017706   -0.134081
X11          0.192558    0.149741    1.285936     0.199    0.016006   -0.111383
X12         -1.161839    0.128054   -9.073042     0.000   -0.096575   -0.127887
X13         -3.335625    0.118827  -28.071159     0.000   -0.277266   -0.276388
X14          0.411561    0.141915    2.900063     0.004    0.034210   -0.111682
X15         -1.749550    0.121735  -14.371790     0.000   -0.145427   -0.176679
X16         -0.522466    0.129777   -4.025882     0.000   -0.043429   -0.108792
X17          1.281384    0.118952   10.772275     0.000    0.106512   -0.065758
X18          2.352748    0.121609   19.346904     0.000    0.195567   -0.037450
X19         -2.813521    0.122484  -22.970520     0.000   -0.233868   -0.182444
X20          1.781510    0.120437   14.792043     0.000    0.148084   -0.041894
X21          4.198787    0.132413   31.709723     0.000    0.349015    0.027095
X22         -2.189319    0.120839  -18.117701     0.000   -0.181982   -0.226349
X23         -1.197687    0.149741   -7.998373     0.000   -0.099555   -0.165639
X24         -1.346152    0.129424  -10.401066     0.000   -0.111896   -0.149636
X25         -1.573180    0.126130  -12.472663     0.000   -0.130767   -0.154783
X26          0.303089    0.121268    2.499329     0.013    0.025194   -0.077846
X27          0.009816    0.129869    0.075585     0.940    0.000816   -0.113221
X28          1.374167    0.121654   11.295716     0.000    0.114225   -0.074339
X29          0.236221    0.256161    0.922157     0.357    0.013514    0.039616
X30         -1.678415    0.203764   -8.237049     0.000   -0.096020    0.080963
X31          1.120118    0.180023    6.222071     0.000    0.064081    0.228048
X32          0.688596    0.237671    2.897266     0.004    0.039394    0.057226
X33         -0.505889    0.187633   -2.696163     0.007   -0.028941    0.132162
X34         -1.334488    0.207808   -6.421738     0.000   -0.076345    0.068155
X35          0.218294    0.180352    1.210379     0.227    0.012488    0.062544
X36          0.998812    0.187305    5.332553     0.000    0.057141    0.055440
X37         -2.356411    0.189573  -12.430108     0.000   -0.134808    0.102927
X38          0.070178    0.184252    0.380879     0.704    0.004015    0.037475
X39          1.584890    0.214620    7.384645     0.000    0.090670   -0.041380
X40          1.004782    0.185301    5.422429     0.000    0.057483    0.189740
X41          0.066574    0.256161    0.259890     0.795    0.003809    0.076740
X42         -1.000409    0.207199   -4.828261     0.000   -0.057232    0.105522
X43         -1.206780    0.198907   -6.067068     0.000   -0.069039    0.098366
X44         -1.156611    0.186420   -6.204333     0.000   -0.066169    0.045097
X45         -0.024864    0.208183   -0.119435     0.905   -0.001422    0.092213
X46          0.816808    0.187422    4.358112     0.000    0.046729    0.076983
**********************************************************

 0.26711 
-0.22310 
-0.23237 
0.058820 
 0.57674 
0.057886 
 0.24452 
 0.23679 
 0.20576 
-0.21808 
-0.096410 
-0.28266 
-0.27558 
-0.89655 
-0.47582 
 0.61945 
 0.59102 
-0.15753 
 -1.0590 
 0.43514 
 0.43739 
-0.18093 
-0.25163 
0.035132 
 0.19462 
 0.93549 
 0.37644 
 0.44716 
 0.15984 
-0.78980 
-0.83795 
 0.46915 
0.00088224 
-0.20092 
-0.20920 
0.038229 
 0.61963 
-0.11196 
 0.12307 
-0.66916 
-0.33988 
-0.38524 
 0.27597 
-0.36674 
-0.27822 
-0.42316 
 0.75054 
 0.79888 
-0.19865 
-0.15708 
 0.12765 
 0.25784 
-0.38238 
 0.35891 
-0.34674 
 0.44718 
-0.31904 
-0.25911 
 0.21380 
 0.46895 
0.0055891 
-0.25014 
0.047827 
 0.37311 
-0.35734 
-0.036495 
  1.0975 
-0.42848 
-0.10075 
 0.27852 
 0.30609 
 -1.1405 
-0.17729 
0.020119 
-0.15701 
-0.61385 
 0.77175 
-0.38502 
-0.65644 
-0.035656 
-0.38969 
-0.24908 
 0.28069 
 0.19796 
 0.70193 
 0.77668 
-0.54427 
 0.62196 
-0.15480 
-0.0080073 
 -1.2556 
0.038185 
 0.12004 
 0.28083 
 0.86451 
-0.15297 
0.037214 
 0.21362 
-0.18709 
 0.19261 
0.062737 
 -1.3344 
 0.40004 
 0.74228 
-0.35699 
0.022011 
 0.19125 
 0.12168 
 0.27147 
-0.21313 
-0.39940 
 0.14290 
-0.52633 
-0.14405 
-0.062193 
 0.28109 
 0.10004 
 0.24024 
-0.36906 
0.034710 
0.063637 
 0.68175 
 0.52647 
-0.35833 
-0.64455 
 0.37474 
 0.33931 
-0.12043 
 0.34503 
 0.13175 
-0.76555 
-0.35366 
-0.064983 
 0.86594 
-0.26011 
 0.13252 
-0.20078 
 0.22156 
-0.18397 
 0.24260 
 0.30233 
-0.40994 
-0.33220 
 0.11059 
 -1.0867 
 0.38612 
 0.28400 
-0.60730 
 0.11592 
-0.13057 
 0.28899 
 0.41362 
 0.49041 
0.012475 
 0.63369 
  1.2305 
-0.55188 
-0.36377 
 0.20128 
-0.58553 
-0.17479 
-0.55646 
 0.86771 
 0.25755 
 0.21499 
0.096143 
-0.19063 
-0.68481 
 0.13241 
-0.19095 
 0.82888 
-0.32452 
 0.37314 
 0.25795 
-0.80112 
-0.67200 
 0.67573 
-0.44909 
-0.18935 
-0.20201 
  1.3597 
-0.044892 
-0.26811 
 0.91727 
 0.30682 
-0.70326 
 0.50745 
 0.11852 
 -1.0412 
 0.38232 
-0.99041 
 0.87196 
-0.31458 
 -1.1160 
-0.29926 
-0.43755 
-0.057898 
 0.80911 
 0.42327 
-0.079322 
 0.59149 
 0.39571 
-0.068523 
 0.10076 
-0.41096 
-0.34689 
-0.13310 
-0.26013 
-0.19252 
-0.29848 
 0.19399 
 0.16756 
 0.14729 
-0.30798 
-0.48174 
 0.55955 
 0.56150 
-0.0014883 
-0.41270 
-0.36197 
0.082223 
 0.34814 
-0.14571 
-0.12908 
-0.25781 
-0.037837 
-0.35768 
-0.034008 
 0.85682 
-0.80515 
-0.66242 
 0.93686 
 0.86643 
-0.44613 
-0.88137 
-0.24058 
-0.30418 
 0.31607 
  1.1652 
 0.45959 
-0.21473 
-0.070551 
0.063856 
-0.46686 
-0.036158 
0.048517 
 -1.3781 
 0.78851 
-0.16844 
 0.30925 
 0.14603 
 0.46391 
-0.064024 
-0.19616 
 0.32471 
-0.22159 
-0.20668 
-0.080856 
 0.62870 
0.068336 
-0.87071 
 0.42757 
-0.35725 
 0.41040 
 0.22222 
0.086830 
 0.84248 
-0.34414 
0.087917 
-0.75775 
-0.25792 
 0.28593 
 0.19181 
-0.47349 
-0.35827 
-0.094756 
 0.28378 
 0.29244 
-0.39829 
 0.52067 
 0.24985 
 0.10850 
0.018320 
-0.84875 
0.092845 
-0.069038 
 0.18802 
 0.26835 
-0.10994 
-0.15216 
0.052701 
0.051492 
 0.89867 
 0.33652 
-0.23531 
-0.067127 
-0.0024028 
-0.49143 
-0.20373 
-0.29606 
-0.61170 
 0.11764 
 0.79494 
-0.39733 
 0.14091 
 0.17433 
 0.71765 
-0.28241 
-0.50549 
 0.24309 
-0.090062 
 0.11222 
-0.65150 
-0.34736 
-0.12764 
-0.32067 
-0.11706 
-0.32479 
 0.98790 
 0.44545 
 0.14402 
 0.14275 
-0.015061 
-0.011068 
0.078418 
-0.25967 
0.029120 
-0.62514 
-0.17695 
-0.13604 
 0.24311 
 0.21975 
0.058017 
 0.14099 
 0.83127 
-0.15919 
-0.11034 
0.048647 
-0.46133 
0.038406 
 0.13168 
 0.10925 
*********
 
sigdiag= 0.20892 number of elements=  342.00 
sigdo=  0.050650 number of elements=  342.00 
siggama2= 0.050650 
sigu2=  0.15827 
 
          ******************* GLS  Estimation ********************* 
 
 Table III 
 
Raw SS in this regression   71.450 
Adjusted SS   342.00 
source effect: usa=
  3.9840 

 -3.0989  0.16034 
 -3.6645  0.11085 
 -4.0339 0.099242 
 -4.2181  0.15874 
 -6.0646 0.090221 
 -6.5592  0.10140 
 0.29589  0.14067 
 0.51164  0.15083 
0.036852  0.12608 
 0.53689  0.18930 
 0.19253  0.14692 
 -1.1615  0.12291 
 -3.3357  0.11251 
 0.41181  0.13831 
 -1.7506  0.11577 
-0.52278  0.12484 
  1.2818  0.11264 
  2.3538  0.11562 
 -2.8137  0.11665 
  1.7823  0.11432 
  4.1991  0.12778 
 -2.1899  0.11478 
 -1.1977  0.14692 
 -1.3465  0.12444 
 -1.5731  0.12075 
 0.30356  0.11527 
0.010019  0.12494 
  1.3727  0.11564 
  3.9840  0.13831 
 0.23616  0.26563 
 -1.6778  0.21129 
  1.1200  0.18668 
 0.68909  0.24646 
-0.50793  0.19449 
 -1.3347  0.21549 
 0.21908  0.18701 
  1.0009  0.19414 
 -2.3569  0.19658 
0.071682  0.19102 
  1.5854  0.22255 
  1.0037  0.19213 
0.066510  0.26563 
 -1.0011  0.21485 
 -1.2067  0.20626 
 -1.1557  0.19330 
-0.024863  0.21588 
 0.81389  0.19419 
  2.4591  0.24646 
 
                        **********************
F.E. usa destination effect  2.4591 
source effects as estimated

 0.19253 
 -1.1615 
 -3.3357 
 0.41181 
 -1.7506 
-0.52278 
  1.2818 
  2.3538 
 -2.8137 
  1.7823 
  4.1991 
 -2.1899 
 -1.1977 
 -1.3465 
 -1.5731 
 0.30356 
0.010019 
  1.3727 
  3.9840 
 
 Technology Table (Table VI) 
 source2, technology1, technology2, technology3 

 0.19000  0.27000  0.36000  0.20000 
 -1.1600  0.26000  0.30000  0.23000 
 -3.3400  0.24000  0.22000  0.26000 
 0.41000  0.46000  0.47000  0.46000 
 -1.7500  0.35000  0.32000  0.38000 
-0.52000  0.45000  0.41000  0.50000 
  1.2800  0.64000  0.60000  0.69000 
  2.3500  0.81000  0.75000  0.86000 
 -2.8100 0.070000  0.14000 0.040000 
  1.7800  0.50000  0.57000  0.45000 
  4.2000  0.89000  0.97000  0.81000 
 -2.1900  0.30000  0.28000  0.32000 
 -1.2000  0.12000  0.22000 0.070000 
 -1.3500  0.43000  0.37000  0.50000 
 -1.5700 0.040000  0.13000 0.010000 
 0.30000  0.21000  0.33000  0.14000 
0.010000  0.51000  0.47000  0.57000 
  1.3700  0.49000  0.53000  0.44000 
  3.9800   1.0000   1.0000   1.0000 
 
 Impediments Table (Table VII) 
 parameters,  dvec1, dvec2, dvec3 

 -3.1000   45.390   136.51   27.250 
 -3.6600   55.670   176.74   32.970 
 -4.0300   62.770   206.65   36.850 
 -4.2200   66.440   222.75   38.820 
 -6.0600   108.02   439.04   60.250 
 -6.5600   120.82   518.43   66.540 
 0.30000  -3.5100  -7.8900  -2.2700 
 0.51000  -5.9900  -13.250  -3.9000 
0.040000 -0.44000  -1.0200 -0.29000 
 0.54000  -6.2800  -13.850  -4.0900 
 0.24000  -2.8100  -6.3500  -1.8200 
 -1.6800   22.460   59.370   13.940 
  1.1200  -12.650  -26.740  -8.3400 
 0.69000  -7.9900  -17.420  -5.2200 
-0.51000   6.3300   15.150   4.0300 
 -1.3300   17.490   44.880   10.940 
 0.22000  -2.6100  -5.9000  -1.6900 
  1.0000  -11.390  -24.270  -7.4900 
 -2.3600   32.930   92.450   20.110 
0.070000 -0.86000  -1.9700 -0.56000 
  1.5900  -17.430  -35.620  -11.600 
  1.0000  -11.420  -24.330  -7.5100 
0.070000 -0.80000  -1.8300 -0.52000 
 -1.0000   12.850   32.060   8.1000 
 -1.2100   15.690   39.820   9.8400 
 -1.1600   14.980   37.850   9.4000 
-0.020000  0.30000  0.69000  0.19000 
 0.81000  -9.3600  -20.230  -6.1300 
  2.4600  -25.700  -49.490  -17.400 
